[ 2016-07-22T00:52:29+08:00 ] ::1 /www/tpclass/thinkphp/Home/
INFO: [ app_init ] --START--
INFO: Run Behavior\BuildLiteBehavior [ RunTime:0.000012s ]
INFO: [ app_init ] --END-- [ RunTime:0.000638s ]
INFO: [ app_begin ] --START--
INFO: Run Behavior\ReadHtmlCacheBehavior [ RunTime:0.000927s ]
INFO: [ app_begin ] --END-- [ RunTime:0.000996s ]
NOTIC: [2] Declaration of Home\Controller\IndexController::display() should be compatible with Think\Controller::display($templateFile = '', $charset = '', $contentType = '', $content = '', $prefix = '') C:\xampp\htdocs\www\tpclass\thinkphp\Application\Home\Controller\IndexController.class.php 第 11 行.
INFO: [ view_parse ] --START--
INFO: Run Behavior\ParseTemplateBehavior [ RunTime:0.086292s ]
INFO: [ view_parse ] --END-- [ RunTime:0.086351s ]
INFO: [ view_filter ] --START--
INFO: Run Behavior\WriteHtmlCacheBehavior [ RunTime:0.000601s ]
INFO: [ view_filter ] --END-- [ RunTime:0.000637s ]
INFO: [ app_end ] --START--
INFO: Run Behavior\ShowPageTraceBehavior [ RunTime:0.000768s ]
INFO: [ app_end ] --END-- [ RunTime:0.000804s ]

[ 2016-07-22T00:52:43+08:00 ] ::1 /www/tpclass/thinkphp/Home/User
INFO: [ app_init ] --START--
INFO: Run Behavior\BuildLiteBehavior [ RunTime:0.000012s ]
INFO: [ app_init ] --END-- [ RunTime:0.000506s ]
INFO: [ app_begin ] --START--
INFO: Run Behavior\ReadHtmlCacheBehavior [ RunTime:0.000990s ]
INFO: [ app_begin ] --END-- [ RunTime:0.001070s ]
NOTIC: [2] Declaration of Home\Controller\UserController::display() should be compatible with Think\Controller::display($templateFile = '', $charset = '', $contentType = '', $content = '', $prefix = '') C:\xampp\htdocs\www\tpclass\thinkphp\Application\Home\Controller\UserController.class.php 第 30 行.
ERR: 非法操作:index

[ 2016-07-22T00:53:30+08:00 ] ::1 /www/tpclass/thinkphp/Home/User
INFO: [ app_init ] --START--
INFO: Run Behavior\BuildLiteBehavior [ RunTime:0.000021s ]
INFO: [ app_init ] --END-- [ RunTime:0.001000s ]
INFO: [ app_begin ] --START--
INFO: Run Behavior\ReadHtmlCacheBehavior [ RunTime:0.001261s ]
INFO: [ app_begin ] --END-- [ RunTime:0.001374s ]
NOTIC: [2] Declaration of Home\Controller\UserController::display() should be compatible with Think\Controller::display($templateFile = '', $charset = '', $contentType = '', $content = '', $prefix = '') C:\xampp\htdocs\www\tpclass\thinkphp\Application\Home\Controller\UserController.class.php 第 33 行.
INFO: [ app_end ] --START--
INFO: Run Behavior\ShowPageTraceBehavior [ RunTime:0.001458s ]
INFO: [ app_end ] --END-- [ RunTime:0.001551s ]

[ 2016-07-22T00:53:42+08:00 ] ::1 /www/tpclass/thinkphp/Home/User/conndatabase
INFO: [ app_init ] --START--
INFO: Run Behavior\BuildLiteBehavior [ RunTime:0.000013s ]
INFO: [ app_init ] --END-- [ RunTime:0.000635s ]
INFO: [ app_begin ] --START--
INFO: Run Behavior\ReadHtmlCacheBehavior [ RunTime:0.000815s ]
INFO: [ app_begin ] --END-- [ RunTime:0.000870s ]
NOTIC: [2] Declaration of Home\Controller\UserController::display() should be compatible with Think\Controller::display($templateFile = '', $charset = '', $contentType = '', $content = '', $prefix = '') C:\xampp\htdocs\www\tpclass\thinkphp\Application\Home\Controller\UserController.class.php 第 33 行.
ERR: Class 'Think\M' not found

[ 2016-07-22T00:54:05+08:00 ] ::1 /www/tpclass/thinkphp/Home/User/conndatabase
INFO: [ app_init ] --START--
INFO: Run Behavior\BuildLiteBehavior [ RunTime:0.000021s ]
INFO: [ app_init ] --END-- [ RunTime:0.001111s ]
INFO: [ app_begin ] --START--
INFO: Run Behavior\ReadHtmlCacheBehavior [ RunTime:0.001775s ]
INFO: [ app_begin ] --END-- [ RunTime:0.001921s ]
NOTIC: [2] Declaration of Home\Controller\UserController::display() should be compatible with Think\Controller::display($templateFile = '', $charset = '', $contentType = '', $content = '', $prefix = '') C:\xampp\htdocs\www\tpclass\thinkphp\Application\Home\Controller\UserController.class.php 第 33 行.
ERR: 无法加载数据库驱动: Think\Db\Driver\

[ 2016-07-22T00:54:27+08:00 ] ::1 /www/tpclass/thinkphp/Home/User/conndatabase
INFO: [ app_init ] --START--
INFO: Run Behavior\BuildLiteBehavior [ RunTime:0.000027s ]
INFO: [ app_init ] --END-- [ RunTime:0.001278s ]
INFO: [ app_begin ] --START--
INFO: Run Behavior\ReadHtmlCacheBehavior [ RunTime:0.001720s ]
INFO: [ app_begin ] --END-- [ RunTime:0.001813s ]
NOTIC: [2] Declaration of Home\Controller\UserController::display() should be compatible with Think\Controller::display($templateFile = '', $charset = '', $contentType = '', $content = '', $prefix = '') C:\xampp\htdocs\www\tpclass\thinkphp\Application\Home\Controller\UserController.class.php 第 33 行.
SQL: SHOW COLUMNS FROM `tp_user` [ RunTime:0.0326s ]
SQL: SELECT * FROM `tp_user`  [ RunTime:0.0008s ]
INFO: [ app_end ] --START--
INFO: Run Behavior\ShowPageTraceBehavior [ RunTime:0.002256s ]
INFO: [ app_end ] --END-- [ RunTime:0.002337s ]

[ 2016-07-22T00:54:36+08:00 ] ::1 /www/tpclass/thinkphp/Home/User/conndatabase
INFO: [ app_init ] --START--
INFO: Run Behavior\BuildLiteBehavior [ RunTime:0.000022s ]
INFO: [ app_init ] --END-- [ RunTime:0.001335s ]
INFO: [ app_begin ] --START--
INFO: Run Behavior\ReadHtmlCacheBehavior [ RunTime:0.001611s ]
INFO: [ app_begin ] --END-- [ RunTime:0.001719s ]
NOTIC: [2] Declaration of Home\Controller\UserController::display() should be compatible with Think\Controller::display($templateFile = '', $charset = '', $contentType = '', $content = '', $prefix = '') C:\xampp\htdocs\www\tpclass\thinkphp\Application\Home\Controller\UserController.class.php 第 33 行.
ERR: 无法加载数据库驱动: Think\Db\Driver\

[ 2016-07-22T00:54:41+08:00 ] ::1 /www/tpclass/thinkphp/Home/User/conndatabase
INFO: [ app_init ] --START--
INFO: Run Behavior\BuildLiteBehavior [ RunTime:0.000022s ]
INFO: [ app_init ] --END-- [ RunTime:0.001125s ]
INFO: [ app_begin ] --START--
INFO: Run Behavior\ReadHtmlCacheBehavior [ RunTime:0.001894s ]
INFO: [ app_begin ] --END-- [ RunTime:0.002016s ]
NOTIC: [2] Declaration of Home\Controller\UserController::display() should be compatible with Think\Controller::display($templateFile = '', $charset = '', $contentType = '', $content = '', $prefix = '') C:\xampp\htdocs\www\tpclass\thinkphp\Application\Home\Controller\UserController.class.php 第 33 行.
ERR: 无法加载数据库驱动: Think\Db\Driver\Pdo

[ 2016-07-22T00:54:48+08:00 ] ::1 /www/tpclass/thinkphp/Home/User/conndatabase
INFO: [ app_init ] --START--
INFO: Run Behavior\BuildLiteBehavior [ RunTime:0.000022s ]
INFO: [ app_init ] --END-- [ RunTime:0.001256s ]
INFO: [ app_begin ] --START--
INFO: Run Behavior\ReadHtmlCacheBehavior [ RunTime:0.002356s ]
INFO: [ app_begin ] --END-- [ RunTime:0.002470s ]
NOTIC: [2] Declaration of Home\Controller\UserController::display() should be compatible with Think\Controller::display($templateFile = '', $charset = '', $contentType = '', $content = '', $prefix = '') C:\xampp\htdocs\www\tpclass\thinkphp\Application\Home\Controller\UserController.class.php 第 33 行.
SQL: SHOW COLUMNS FROM `tp_user` [ RunTime:0.0213s ]
SQL: SELECT * FROM `tp_user`  [ RunTime:0.0007s ]
INFO: [ app_end ] --START--
INFO: Run Behavior\ShowPageTraceBehavior [ RunTime:0.002021s ]
INFO: [ app_end ] --END-- [ RunTime:0.002099s ]

[ 2016-07-22T01:03:05+08:00 ] ::1 /www/tpclass/thinkphp/Home/User/conndatabase
INFO: [ app_init ] --START--
INFO: Run Behavior\BuildLiteBehavior [ RunTime:0.000014s ]
INFO: [ app_init ] --END-- [ RunTime:0.000855s ]
INFO: [ app_begin ] --START--
INFO: Run Behavior\ReadHtmlCacheBehavior [ RunTime:0.000945s ]
INFO: [ app_begin ] --END-- [ RunTime:0.001007s ]
NOTIC: [2] Declaration of Home\Controller\UserController::display() should be compatible with Think\Controller::display($templateFile = '', $charset = '', $contentType = '', $content = '', $prefix = '') C:\xampp\htdocs\www\tpclass\thinkphp\Application\Home\Controller\UserController.class.php 第 33 行.
ERR: Class 'Think\M' not found

[ 2016-07-22T01:03:31+08:00 ] ::1 /www/tpclass/thinkphp/Home/User/conndatabase
INFO: [ app_init ] --START--
INFO: Run Behavior\BuildLiteBehavior [ RunTime:0.000028s ]
INFO: [ app_init ] --END-- [ RunTime:0.001216s ]
INFO: [ app_begin ] --START--
INFO: Run Behavior\ReadHtmlCacheBehavior [ RunTime:0.001697s ]
INFO: [ app_begin ] --END-- [ RunTime:0.001776s ]
NOTIC: [2] Declaration of Home\Controller\UserController::display() should be compatible with Think\Controller::display($templateFile = '', $charset = '', $contentType = '', $content = '', $prefix = '') C:\xampp\htdocs\www\tpclass\thinkphp\Application\Home\Controller\UserController.class.php 第 33 行.
ERR: Class 'Think\M' not found

[ 2016-07-22T01:05:02+08:00 ] ::1 /www/tpclass/thinkphp/Home/User/conndatabase
INFO: [ app_init ] --START--
INFO: Run Behavior\BuildLiteBehavior [ RunTime:0.000036s ]
INFO: [ app_init ] --END-- [ RunTime:0.001922s ]
INFO: [ app_begin ] --START--
INFO: Run Behavior\ReadHtmlCacheBehavior [ RunTime:0.003278s ]
INFO: [ app_begin ] --END-- [ RunTime:0.003459s ]
NOTIC: [2] Declaration of Home\Controller\UserController::display() should be compatible with Think\Controller::display($templateFile = '', $charset = '', $contentType = '', $content = '', $prefix = '') C:\xampp\htdocs\www\tpclass\thinkphp\Application\Home\Controller\UserController.class.php 第 33 行.
ERR: Class 'Home\Controller\M' not found

[ 2016-07-22T01:05:33+08:00 ] ::1 /www/tpclass/thinkphp/Home/User/conndatabase
INFO: [ app_init ] --START--
INFO: Run Behavior\BuildLiteBehavior [ RunTime:0.000021s ]
INFO: [ app_init ] --END-- [ RunTime:0.001422s ]
INFO: [ app_begin ] --START--
INFO: Run Behavior\ReadHtmlCacheBehavior [ RunTime:0.002475s ]
INFO: [ app_begin ] --END-- [ RunTime:0.002597s ]
NOTIC: [2] Declaration of Home\Controller\UserController::display() should be compatible with Think\Controller::display($templateFile = '', $charset = '', $contentType = '', $content = '', $prefix = '') C:\xampp\htdocs\www\tpclass\thinkphp\Application\Home\Controller\UserController.class.php 第 33 行.
ERR: Class 'Think\M' not found

[ 2016-07-22T01:09:04+08:00 ] ::1 /www/tpclass/thinkphp/Home/User/conndatabase
INFO: [ app_init ] --START--
INFO: Run Behavior\BuildLiteBehavior [ RunTime:0.000032s ]
INFO: [ app_init ] --END-- [ RunTime:0.001151s ]
INFO: [ app_begin ] --START--
INFO: Run Behavior\ReadHtmlCacheBehavior [ RunTime:0.000946s ]
INFO: [ app_begin ] --END-- [ RunTime:0.001002s ]
NOTIC: [2] Declaration of Home\Controller\UserController::display() should be compatible with Think\Controller::display($templateFile = '', $charset = '', $contentType = '', $content = '', $prefix = '') C:\xampp\htdocs\www\tpclass\thinkphp\Application\Home\Controller\UserController.class.php 第 33 行.
ERR: Class 'Think\M' not found

[ 2016-07-22T01:17:55+08:00 ] ::1 /www/tpclass/thinkphp/Home/User/conndatabase
INFO: [ app_init ] --START--
INFO: Run Behavior\BuildLiteBehavior [ RunTime:0.000013s ]
INFO: [ app_init ] --END-- [ RunTime:0.000637s ]
INFO: [ app_begin ] --START--
INFO: Run Behavior\ReadHtmlCacheBehavior [ RunTime:0.000826s ]
INFO: [ app_begin ] --END-- [ RunTime:0.000873s ]
NOTIC: [2] Declaration of Home\Controller\UserController::display() should be compatible with Think\Controller::display($templateFile = '', $charset = '', $contentType = '', $content = '', $prefix = '') C:\xampp\htdocs\www\tpclass\thinkphp\Application\Home\Controller\UserController.class.php 第 33 行.
ERR: Class 'Think\M' not found

[ 2016-07-22T01:18:00+08:00 ] ::1 /www/tpclass/thinkphp/Home/User/conndatabase
INFO: [ app_init ] --START--
INFO: Run Behavior\BuildLiteBehavior [ RunTime:0.000012s ]
INFO: [ app_init ] --END-- [ RunTime:0.000677s ]
INFO: [ app_begin ] --START--
INFO: Run Behavior\ReadHtmlCacheBehavior [ RunTime:0.000894s ]
INFO: [ app_begin ] --END-- [ RunTime:0.000939s ]
NOTIC: [2] Declaration of Home\Controller\UserController::display() should be compatible with Think\Controller::display($templateFile = '', $charset = '', $contentType = '', $content = '', $prefix = '') C:\xampp\htdocs\www\tpclass\thinkphp\Application\Home\Controller\UserController.class.php 第 33 行.
ERR: Class 'Home\Controller\M' not found

[ 2016-07-22T01:18:16+08:00 ] ::1 /www/tpclass/thinkphp/Home/User/conndatabase
INFO: [ app_init ] --START--
INFO: Run Behavior\BuildLiteBehavior [ RunTime:0.000021s ]
INFO: [ app_init ] --END-- [ RunTime:0.001110s ]
INFO: [ app_begin ] --START--
INFO: Run Behavior\ReadHtmlCacheBehavior [ RunTime:0.001984s ]
INFO: [ app_begin ] --END-- [ RunTime:0.002100s ]
ERR: 1146:Table 'tp.tp_user_contr' doesn't exist
 [ SQL语句 ] : SHOW COLUMNS FROM `tp_user_contr`
ERR: 1146:Table 'tp.tp_user_contr' doesn't exist
 [ SQL语句 ] : SHOW COLUMNS FROM `tp_user_contr`

[ 2016-07-22T01:18:17+08:00 ] ::1 /www/tpclass/thinkphp/Home/User/conndatabase
INFO: [ app_init ] --START--
INFO: Run Behavior\BuildLiteBehavior [ RunTime:0.000033s ]
INFO: [ app_init ] --END-- [ RunTime:0.001707s ]
INFO: [ app_begin ] --START--
INFO: Run Behavior\ReadHtmlCacheBehavior [ RunTime:0.002558s ]
INFO: [ app_begin ] --END-- [ RunTime:0.002704s ]
ERR: 1146:Table 'tp.tp_user_contr' doesn't exist
 [ SQL语句 ] : SHOW COLUMNS FROM `tp_user_contr`
ERR: 1146:Table 'tp.tp_user_contr' doesn't exist
 [ SQL语句 ] : SHOW COLUMNS FROM `tp_user_contr`

[ 2016-07-22T01:18:17+08:00 ] ::1 /www/tpclass/thinkphp/Home/User/conndatabase
INFO: [ app_init ] --START--
INFO: Run Behavior\BuildLiteBehavior [ RunTime:0.000017s ]
INFO: [ app_init ] --END-- [ RunTime:0.000981s ]
INFO: [ app_begin ] --START--
INFO: Run Behavior\ReadHtmlCacheBehavior [ RunTime:0.000967s ]
INFO: [ app_begin ] --END-- [ RunTime:0.001033s ]
ERR: 1146:Table 'tp.tp_user_contr' doesn't exist
 [ SQL语句 ] : SHOW COLUMNS FROM `tp_user_contr`
ERR: 1146:Table 'tp.tp_user_contr' doesn't exist
 [ SQL语句 ] : SHOW COLUMNS FROM `tp_user_contr`

[ 2016-07-22T01:18:22+08:00 ] ::1 /www/tpclass/thinkphp/Home/User/conndatabase
INFO: [ app_init ] --START--
INFO: Run Behavior\BuildLiteBehavior [ RunTime:0.000033s ]
INFO: [ app_init ] --END-- [ RunTime:0.002133s ]
INFO: [ app_begin ] --START--
INFO: Run Behavior\ReadHtmlCacheBehavior [ RunTime:0.002379s ]
INFO: [ app_begin ] --END-- [ RunTime:0.002513s ]
ERR: 1146:Table 'tp.tp_user_contr' doesn't exist
 [ SQL语句 ] : SHOW COLUMNS FROM `tp_user_contr`
ERR: 1146:Table 'tp.tp_user_contr' doesn't exist
 [ SQL语句 ] : SHOW COLUMNS FROM `tp_user_contr`

[ 2016-07-22T01:18:40+08:00 ] ::1 /www/tpclass/thinkphp/Home/User/conndatabase
ERR: 1146:Table 'tp.tp_user_contr' doesn't exist
 [ SQL语句 ] : SHOW COLUMNS FROM `tp_user_contr`

[ 2016-07-22T01:18:54+08:00 ] ::1 /www/tpclass/thinkphp/Home/User/conndatabase
ERR: Class 'Home\Controller\M' not found

[ 2016-07-22T01:19:13+08:00 ] ::1 /www/tpclass/thinkphp/Home/User/conndatabase
ERR: Class 'Home\Controller\M' not found

[ 2016-07-22T01:33:59+08:00 ] ::1 /www/tpclass/thinkphp/Home/User/conndatabase
ERR: 1146:Table 'tp.thinkphp_user' doesn't exist
 [ SQL语句 ] : SHOW COLUMNS FROM `thinkphp_user`

[ 2016-07-22T01:51:27+08:00 ] ::1 /www/tpclass/thinkphp/Home/User/conndatabase
ERR: Call to a member function select() on null

